{"C:\\Users\\nandu\\Desktop\\StartDB2024 (1)\\src\\recintos-zoo.js": {"path":"C:\\Users\\nandu\\Desktop\\StartDB2024 (1)\\src\\recintos-zoo.js","all":false,"statementMap":{"0":{"start":{"line":1,"column":0},"end":{"line":1,"column":19}},"1":{"start":{"line":2,"column":0},"end":{"line":2,"column":19}},"2":{"start":{"line":3,"column":0},"end":{"line":3,"column":27}},"3":{"start":{"line":4,"column":0},"end":{"line":4,"column":89}},"4":{"start":{"line":5,"column":0},"end":{"line":5,"column":83}},"5":{"start":{"line":6,"column":0},"end":{"line":6,"column":93}},"6":{"start":{"line":7,"column":0},"end":{"line":7,"column":78}},"7":{"start":{"line":8,"column":0},"end":{"line":8,"column":84}},"8":{"start":{"line":9,"column":0},"end":{"line":9,"column":10}},"9":{"start":{"line":10,"column":0},"end":{"line":10,"column":26}},"10":{"start":{"line":11,"column":0},"end":{"line":11,"column":56}},"11":{"start":{"line":12,"column":0},"end":{"line":12,"column":60}},"12":{"start":{"line":13,"column":0},"end":{"line":13,"column":58}},"13":{"start":{"line":14,"column":0},"end":{"line":14,"column":72}},"14":{"start":{"line":15,"column":0},"end":{"line":15,"column":58}},"15":{"start":{"line":16,"column":0},"end":{"line":16,"column":70}},"16":{"start":{"line":17,"column":0},"end":{"line":17,"column":10}},"17":{"start":{"line":18,"column":0},"end":{"line":18,"column":5}},"18":{"start":{"line":19,"column":0},"end":{"line":19,"column":0}},"19":{"start":{"line":20,"column":0},"end":{"line":20,"column":41}},"20":{"start":{"line":21,"column":0},"end":{"line":21,"column":43}},"21":{"start":{"line":22,"column":0},"end":{"line":22,"column":61}},"22":{"start":{"line":23,"column":0},"end":{"line":23,"column":8}},"23":{"start":{"line":24,"column":0},"end":{"line":24,"column":75}},"24":{"start":{"line":25,"column":0},"end":{"line":25,"column":26}},"25":{"start":{"line":26,"column":0},"end":{"line":26,"column":20}},"26":{"start":{"line":27,"column":0},"end":{"line":27,"column":40}},"27":{"start":{"line":28,"column":0},"end":{"line":28,"column":37}},"28":{"start":{"line":29,"column":0},"end":{"line":29,"column":14}},"29":{"start":{"line":30,"column":0},"end":{"line":30,"column":9}},"30":{"start":{"line":31,"column":0},"end":{"line":31,"column":0}},"31":{"start":{"line":32,"column":0},"end":{"line":32,"column":30}},"32":{"start":{"line":33,"column":0},"end":{"line":33,"column":20}},"33":{"start":{"line":34,"column":0},"end":{"line":34,"column":44}},"34":{"start":{"line":35,"column":0},"end":{"line":35,"column":37}},"35":{"start":{"line":36,"column":0},"end":{"line":36,"column":14}},"36":{"start":{"line":37,"column":0},"end":{"line":37,"column":9}},"37":{"start":{"line":38,"column":0},"end":{"line":38,"column":0}},"38":{"start":{"line":39,"column":0},"end":{"line":39,"column":67}},"39":{"start":{"line":40,"column":0},"end":{"line":40,"column":68}},"40":{"start":{"line":41,"column":0},"end":{"line":41,"column":71}},"41":{"start":{"line":42,"column":0},"end":{"line":42,"column":59}},"42":{"start":{"line":43,"column":0},"end":{"line":43,"column":12}},"43":{"start":{"line":44,"column":0},"end":{"line":44,"column":106}},"44":{"start":{"line":45,"column":0},"end":{"line":45,"column":92}},"45":{"start":{"line":46,"column":0},"end":{"line":46,"column":69}},"46":{"start":{"line":47,"column":0},"end":{"line":47,"column":94}},"47":{"start":{"line":48,"column":0},"end":{"line":48,"column":12}},"48":{"start":{"line":49,"column":0},"end":{"line":49,"column":75}},"49":{"start":{"line":50,"column":0},"end":{"line":50,"column":58}},"50":{"start":{"line":51,"column":0},"end":{"line":51,"column":0}},"51":{"start":{"line":52,"column":0},"end":{"line":52,"column":47}},"52":{"start":{"line":53,"column":0},"end":{"line":53,"column":75}},"53":{"start":{"line":54,"column":0},"end":{"line":54,"column":20}},"54":{"start":{"line":55,"column":0},"end":{"line":55,"column":174}},"55":{"start":{"line":56,"column":0},"end":{"line":56,"column":13}},"56":{"start":{"line":57,"column":0},"end":{"line":57,"column":11}},"57":{"start":{"line":58,"column":0},"end":{"line":58,"column":0}},"58":{"start":{"line":59,"column":0},"end":{"line":59,"column":43}},"59":{"start":{"line":60,"column":0},"end":{"line":60,"column":20}},"60":{"start":{"line":61,"column":0},"end":{"line":61,"column":46}},"61":{"start":{"line":62,"column":0},"end":{"line":62,"column":37}},"62":{"start":{"line":63,"column":0},"end":{"line":63,"column":14}},"63":{"start":{"line":64,"column":0},"end":{"line":64,"column":9}},"64":{"start":{"line":65,"column":0},"end":{"line":65,"column":0}},"65":{"start":{"line":66,"column":0},"end":{"line":66,"column":16}},"66":{"start":{"line":67,"column":0},"end":{"line":67,"column":23}},"67":{"start":{"line":68,"column":0},"end":{"line":68,"column":55}},"68":{"start":{"line":69,"column":0},"end":{"line":69,"column":104}},"69":{"start":{"line":70,"column":0},"end":{"line":70,"column":90}},"70":{"start":{"line":71,"column":0},"end":{"line":71,"column":74}},"71":{"start":{"line":72,"column":0},"end":{"line":72,"column":87}},"72":{"start":{"line":73,"column":0},"end":{"line":73,"column":96}},"73":{"start":{"line":74,"column":0},"end":{"line":74,"column":14}},"74":{"start":{"line":75,"column":0},"end":{"line":75,"column":10}},"75":{"start":{"line":76,"column":0},"end":{"line":76,"column":5}},"76":{"start":{"line":77,"column":0},"end":{"line":77,"column":1}},"77":{"start":{"line":78,"column":0},"end":{"line":78,"column":0}},"78":{"start":{"line":79,"column":0},"end":{"line":79,"column":23}}},"s":{"0":1,"1":1,"2":5,"3":5,"4":5,"5":5,"6":5,"7":5,"8":5,"9":5,"10":5,"11":5,"12":5,"13":5,"14":5,"15":5,"16":5,"17":5,"18":1,"19":1,"20":5,"21":5,"22":5,"23":5,"24":5,"25":1,"26":1,"27":1,"28":1,"29":1,"30":4,"31":5,"32":1,"33":1,"34":1,"35":1,"36":1,"37":3,"38":3,"39":15,"40":10,"41":15,"42":15,"43":15,"44":15,"45":15,"46":15,"47":15,"48":15,"49":15,"50":15,"51":15,"52":5,"53":15,"54":10,"55":10,"56":3,"57":3,"58":5,"59":1,"60":1,"61":1,"62":1,"63":1,"64":2,"65":2,"66":2,"67":2,"68":4,"69":4,"70":4,"71":4,"72":4,"73":2,"74":2,"75":2,"76":1,"77":1,"78":1},"branchMap":{"0":{"type":"branch","line":2,"loc":{"start":{"line":2,"column":4},"end":{"line":18,"column":5}},"locations":[{"start":{"line":2,"column":4},"end":{"line":18,"column":5}}]},"1":{"type":"branch","line":20,"loc":{"start":{"line":20,"column":4},"end":{"line":76,"column":5}},"locations":[{"start":{"line":20,"column":4},"end":{"line":76,"column":5}}]},"2":{"type":"branch","line":25,"loc":{"start":{"line":25,"column":25},"end":{"line":30,"column":9}},"locations":[{"start":{"line":25,"column":25},"end":{"line":30,"column":9}}]},"3":{"type":"branch","line":30,"loc":{"start":{"line":30,"column":8},"end":{"line":32,"column":29}},"locations":[{"start":{"line":30,"column":8},"end":{"line":32,"column":29}}]},"4":{"type":"branch","line":32,"loc":{"start":{"line":32,"column":29},"end":{"line":37,"column":9}},"locations":[{"start":{"line":32,"column":29},"end":{"line":37,"column":9}}]},"5":{"type":"branch","line":37,"loc":{"start":{"line":37,"column":8},"end":{"line":59,"column":42}},"locations":[{"start":{"line":37,"column":8},"end":{"line":59,"column":42}}]},"6":{"type":"branch","line":59,"loc":{"start":{"line":59,"column":42},"end":{"line":64,"column":9}},"locations":[{"start":{"line":59,"column":42},"end":{"line":64,"column":9}}]},"7":{"type":"branch","line":64,"loc":{"start":{"line":64,"column":8},"end":{"line":76,"column":5}},"locations":[{"start":{"line":64,"column":8},"end":{"line":76,"column":5}}]},"8":{"type":"branch","line":24,"loc":{"start":{"line":24,"column":47},"end":{"line":24,"column":73}},"locations":[{"start":{"line":24,"column":47},"end":{"line":24,"column":73}}]},"9":{"type":"branch","line":39,"loc":{"start":{"line":39,"column":55},"end":{"line":57,"column":9}},"locations":[{"start":{"line":39,"column":55},"end":{"line":57,"column":9}}]},"10":{"type":"branch","line":40,"loc":{"start":{"line":40,"column":67},"end":{"line":41,"column":71}},"locations":[{"start":{"line":40,"column":67},"end":{"line":41,"column":71}}]},"11":{"type":"branch","line":42,"loc":{"start":{"line":42,"column":-1},"end":{"line":42,"column":58}},"locations":[{"start":{"line":42,"column":-1},"end":{"line":42,"column":58}}]},"12":{"type":"branch","line":45,"loc":{"start":{"line":45,"column":76},"end":{"line":45,"column":85}},"locations":[{"start":{"line":45,"column":76},"end":{"line":45,"column":85}}]},"13":{"type":"branch","line":45,"loc":{"start":{"line":45,"column":85},"end":{"line":45,"column":90}},"locations":[{"start":{"line":45,"column":85},"end":{"line":45,"column":90}}]},"14":{"type":"branch","line":52,"loc":{"start":{"line":52,"column":46},"end":{"line":54,"column":13}},"locations":[{"start":{"line":52,"column":46},"end":{"line":54,"column":13}}]},"15":{"type":"branch","line":53,"loc":{"start":{"line":53,"column":38},"end":{"line":53,"column":54}},"locations":[{"start":{"line":53,"column":38},"end":{"line":53,"column":54}}]},"16":{"type":"branch","line":53,"loc":{"start":{"line":53,"column":54},"end":{"line":53,"column":74}},"locations":[{"start":{"line":53,"column":54},"end":{"line":53,"column":74}}]},"17":{"type":"branch","line":54,"loc":{"start":{"line":54,"column":13},"end":{"line":56,"column":13}},"locations":[{"start":{"line":54,"column":13},"end":{"line":56,"column":13}}]},"18":{"type":"branch","line":55,"loc":{"start":{"line":55,"column":38},"end":{"line":55,"column":153}},"locations":[{"start":{"line":55,"column":38},"end":{"line":55,"column":153}}]},"19":{"type":"branch","line":55,"loc":{"start":{"line":55,"column":55},"end":{"line":55,"column":71}},"locations":[{"start":{"line":55,"column":55},"end":{"line":55,"column":71}}]},"20":{"type":"branch","line":55,"loc":{"start":{"line":55,"column":71},"end":{"line":55,"column":152}},"locations":[{"start":{"line":55,"column":71},"end":{"line":55,"column":152}}]},"21":{"type":"branch","line":55,"loc":{"start":{"line":55,"column":153},"end":{"line":55,"column":173}},"locations":[{"start":{"line":55,"column":153},"end":{"line":55,"column":173}}]},"22":{"type":"branch","line":41,"loc":{"start":{"line":41,"column":40},"end":{"line":41,"column":70}},"locations":[{"start":{"line":41,"column":40},"end":{"line":41,"column":70}}]},"23":{"type":"branch","line":44,"loc":{"start":{"line":44,"column":56},"end":{"line":44,"column":104}},"locations":[{"start":{"line":44,"column":56},"end":{"line":44,"column":104}}]},"24":{"type":"branch","line":68,"loc":{"start":{"line":68,"column":49},"end":{"line":74,"column":13}},"locations":[{"start":{"line":68,"column":49},"end":{"line":74,"column":13}}]},"25":{"type":"branch","line":70,"loc":{"start":{"line":70,"column":74},"end":{"line":70,"column":83}},"locations":[{"start":{"line":70,"column":74},"end":{"line":70,"column":83}}]},"26":{"type":"branch","line":70,"loc":{"start":{"line":70,"column":83},"end":{"line":70,"column":88}},"locations":[{"start":{"line":70,"column":83},"end":{"line":70,"column":88}}]},"27":{"type":"branch","line":69,"loc":{"start":{"line":69,"column":60},"end":{"line":69,"column":102}},"locations":[{"start":{"line":69,"column":60},"end":{"line":69,"column":102}}]}},"b":{"0":[5],"1":[5],"2":[1],"3":[4],"4":[1],"5":[3],"6":[1],"7":[2],"8":[21],"9":[15],"10":[10],"11":[5],"12":[9],"13":[6],"14":[5],"15":[2],"16":[1],"17":[10],"18":[8],"19":[6],"20":[4],"21":[6],"22":[18],"23":[66],"24":[4],"25":[2],"26":[2],"27":[21]},"fnMap":{"0":{"name":"RecintosZoo","decl":{"start":{"line":2,"column":4},"end":{"line":18,"column":5}},"loc":{"start":{"line":2,"column":4},"end":{"line":18,"column":5}},"line":2},"1":{"name":"analisaRecintos","decl":{"start":{"line":20,"column":4},"end":{"line":76,"column":5}},"loc":{"start":{"line":20,"column":4},"end":{"line":76,"column":5}},"line":20}},"f":{"0":5,"1":5}}
}
