TN:
SF:src\recintos-zoo.js
FN:2,RecintosZoo
FN:20,analisaRecintos
FNF:2
FNH:2
FNDA:5,RecintosZoo
FNDA:5,analisaRecintos
DA:1,1
DA:2,1
DA:3,5
DA:4,5
DA:5,5
DA:6,5
DA:7,5
DA:8,5
DA:9,5
DA:10,5
DA:11,5
DA:12,5
DA:13,5
DA:14,5
DA:15,5
DA:16,5
DA:17,5
DA:18,5
DA:19,1
DA:20,1
DA:21,5
DA:22,5
DA:23,5
DA:24,5
DA:25,5
DA:26,1
DA:27,1
DA:28,1
DA:29,1
DA:30,1
DA:31,4
DA:32,5
DA:33,1
DA:34,1
DA:35,1
DA:36,1
DA:37,1
DA:38,3
DA:39,3
DA:40,15
DA:41,10
DA:42,15
DA:43,15
DA:44,15
DA:45,15
DA:46,15
DA:47,15
DA:48,15
DA:49,15
DA:50,15
DA:51,15
DA:52,15
DA:53,5
DA:54,15
DA:55,10
DA:56,10
DA:57,3
DA:58,3
DA:59,5
DA:60,1
DA:61,1
DA:62,1
DA:63,1
DA:64,1
DA:65,2
DA:66,2
DA:67,2
DA:68,2
DA:69,4
DA:70,4
DA:71,4
DA:72,4
DA:73,4
DA:74,2
DA:75,2
DA:76,2
DA:77,1
DA:78,1
DA:79,1
LF:79
LH:79
BRDA:2,0,0,5
BRDA:20,1,0,5
BRDA:25,2,0,1
BRDA:30,3,0,4
BRDA:32,4,0,1
BRDA:37,5,0,3
BRDA:59,6,0,1
BRDA:64,7,0,2
BRDA:24,8,0,21
BRDA:39,9,0,15
BRDA:40,10,0,10
BRDA:42,11,0,5
BRDA:45,12,0,9
BRDA:45,13,0,6
BRDA:52,14,0,5
BRDA:53,15,0,2
BRDA:53,16,0,1
BRDA:54,17,0,10
BRDA:55,18,0,8
BRDA:55,19,0,6
BRDA:55,20,0,4
BRDA:55,21,0,6
BRDA:41,22,0,18
BRDA:44,23,0,66
BRDA:68,24,0,4
BRDA:70,25,0,2
BRDA:70,26,0,2
BRDA:69,27,0,21
BRF:28
BRH:28
end_of_record
